This file contains any messages produced by compilers while
running configure, to aid debugging if configure makes a mistake.

It was created by configure, which was
generated by GNU Autoconf 2.61.  Invocation command line was

  $ ./configure --no-create --no-recursion

## --------- ##
## Platform. ##
## --------- ##

hostname = IQ-Graphics
uname -m = x86_64
uname -r = 2.6.32-33-generic
uname -s = Linux
uname -v = #71-Ubuntu SMP Wed Jul 20 17:27:30 UTC 2011

/usr/bin/uname -p = unknown
/bin/uname -X     = unknown

/bin/arch              = unknown
/usr/bin/arch -k       = unknown
/usr/convex/getsysinfo = unknown
/usr/bin/hostinfo      = unknown
/bin/machine           = unknown
/usr/bin/oslevel       = unknown
/bin/universe          = unknown

PATH: /home/demo/bin
PATH: /usr/local/sbin
PATH: /usr/local/bin
PATH: /usr/sbin
PATH: /usr/bin
PATH: /sbin
PATH: /bin
PATH: /usr/games


## ----------- ##
## Core tests. ##
## ----------- ##

configure:2042: checking for a BSD-compatible install
configure:2098: result: /usr/bin/install -c
configure:2109: checking whether build environment is sane
configure:2152: result: yes
configure:2180: checking for a thread-safe mkdir -p
configure:2219: result: /bin/mkdir -p
configure:2232: checking for gawk
configure:2248: found /usr/bin/gawk
configure:2259: result: gawk
configure:2270: checking whether make sets $(MAKE)
configure:2291: result: yes
configure:2533: checking for vendor's cc to be used instead of gcc
configure:2537: checking for cc
configure:2553: found /usr/bin/cc
configure:2564: result: cc
configure:2886: checking for C compiler version
configure:2893: cc --version >&5
cc (Ubuntu 4.4.3-4ubuntu5) 4.4.3
Copyright (C) 2009 Free Software Foundation, Inc.
This is free software; see the source for copying conditions.  There is NO
warranty; not even for MERCHANTABILITY or FITNESS FOR A PARTICULAR PURPOSE.

configure:2896: $? = 0
configure:2903: cc -v >&5
Using built-in specs.
Target: x86_64-linux-gnu
Configured with: ../src/configure -v --with-pkgversion='Ubuntu 4.4.3-4ubuntu5' --with-bugurl=file:///usr/share/doc/gcc-4.4/README.Bugs --enable-languages=c,c++,fortran,objc,obj-c++ --prefix=/usr --enable-shared --enable-multiarch --enable-linker-build-id --with-system-zlib --libexecdir=/usr/lib --without-included-gettext --enable-threads=posix --with-gxx-include-dir=/usr/include/c++/4.4 --program-suffix=-4.4 --enable-nls --enable-clocale=gnu --enable-libstdcxx-debug --enable-plugin --enable-objc-gc --disable-werror --with-arch-32=i486 --with-tune=generic --enable-checking=release --build=x86_64-linux-gnu --host=x86_64-linux-gnu --target=x86_64-linux-gnu
Thread model: posix
gcc version 4.4.3 (Ubuntu 4.4.3-4ubuntu5) 
configure:2906: $? = 0
configure:2913: cc -V >&5
cc: '-V' option must have argument
configure:2916: $? = 1
configure:2939: checking for C compiler default output file name
configure:2966: cc    conftest.c  >&5
configure:2969: $? = 0
configure:3007: result: a.out
configure:3024: checking whether the C compiler works
configure:3034: ./a.out
configure:3037: $? = 0
configure:3054: result: yes
configure:3061: checking whether we are cross compiling
configure:3063: result: no
configure:3066: checking for suffix of executables
configure:3073: cc -o conftest    conftest.c  >&5
configure:3076: $? = 0
configure:3100: result: 
configure:3106: checking for suffix of object files
configure:3132: cc -c   conftest.c >&5
configure:3135: $? = 0
configure:3158: result: o
configure:3162: checking whether we are using the GNU C compiler
configure:3191: cc -c   conftest.c >&5
configure:3197: $? = 0
configure:3214: result: yes
configure:3219: checking whether cc accepts -g
configure:3249: cc -c -g  conftest.c >&5
configure:3255: $? = 0
configure:3354: result: yes
configure:3371: checking for cc option to accept ISO C89
configure:3445: cc  -c -g -O2  conftest.c >&5
configure:3451: $? = 0
configure:3474: result: none needed
configure:3503: checking for style of include used by make
configure:3531: result: GNU
configure:3556: checking dependency style of cc
configure:3647: result: gcc3
configure:3721: checking for g++
configure:3737: found /usr/bin/g++
configure:3748: result: g++
configure:3779: checking for C++ compiler version
configure:3786: g++ --version >&5
g++ (Ubuntu 4.4.3-4ubuntu5) 4.4.3
Copyright (C) 2009 Free Software Foundation, Inc.
This is free software; see the source for copying conditions.  There is NO
warranty; not even for MERCHANTABILITY or FITNESS FOR A PARTICULAR PURPOSE.

configure:3789: $? = 0
configure:3796: g++ -v >&5
Using built-in specs.
Target: x86_64-linux-gnu
Configured with: ../src/configure -v --with-pkgversion='Ubuntu 4.4.3-4ubuntu5' --with-bugurl=file:///usr/share/doc/gcc-4.4/README.Bugs --enable-languages=c,c++,fortran,objc,obj-c++ --prefix=/usr --enable-shared --enable-multiarch --enable-linker-build-id --with-system-zlib --libexecdir=/usr/lib --without-included-gettext --enable-threads=posix --with-gxx-include-dir=/usr/include/c++/4.4 --program-suffix=-4.4 --enable-nls --enable-clocale=gnu --enable-libstdcxx-debug --enable-plugin --enable-objc-gc --disable-werror --with-arch-32=i486 --with-tune=generic --enable-checking=release --build=x86_64-linux-gnu --host=x86_64-linux-gnu --target=x86_64-linux-gnu
Thread model: posix
gcc version 4.4.3 (Ubuntu 4.4.3-4ubuntu5) 
configure:3799: $? = 0
configure:3806: g++ -V >&5
g++: '-V' option must have argument
configure:3809: $? = 1
configure:3812: checking whether we are using the GNU C++ compiler
configure:3841: g++ -c   conftest.cpp >&5
configure:3847: $? = 0
configure:3864: result: yes
configure:3869: checking whether g++ accepts -g
configure:3899: g++ -c -g  conftest.cpp >&5
configure:3905: $? = 0
configure:4004: result: yes
configure:4029: checking dependency style of g++
configure:4120: result: gcc3
configure:4148: checking for a BSD-compatible install
configure:4204: result: /usr/bin/install -c
configure:4215: checking whether make sets $(MAKE)
configure:4236: result: yes
configure:4245: checking whether ln -s works
configure:4249: result: yes
configure:4310: checking build system type
configure:4328: result: x86_64-unknown-linux-gnu
configure:4350: checking host system type
configure:4365: result: x86_64-unknown-linux-gnu
configure:4387: checking for a sed that does not truncate output
configure:4441: result: /bin/sed
configure:4444: checking for grep that handles long lines and -e
configure:4518: result: /bin/grep
configure:4523: checking for egrep
configure:4601: result: /bin/grep -E
configure:4617: checking for ld used by cc
configure:4684: result: /usr/bin/ld
configure:4693: checking if the linker (/usr/bin/ld) is GNU ld
configure:4708: result: yes
configure:4713: checking for /usr/bin/ld option to reload object files
configure:4720: result: -r
configure:4738: checking for BSD-compatible nm
configure:4787: result: /usr/bin/nm -B
configure:4791: checking how to recognise dependent libraries
configure:4967: result: pass_all
configure:5055: cc -c -g -O2  conftest.c >&5
configure:5058: $? = 0
configure:5201: checking how to run the C preprocessor
configure:5241: cc -E  conftest.c
configure:5247: $? = 0
configure:5278: cc -E  conftest.c
conftest.c:10:28: error: ac_nonexistent.h: No such file or directory
configure:5284: $? = 1
configure: failed program was:
| /* confdefs.h.  */
| #define PACKAGE_NAME ""
| #define PACKAGE_TARNAME ""
| #define PACKAGE_VERSION ""
| #define PACKAGE_STRING ""
| #define PACKAGE_BUGREPORT ""
| #define PACKAGE "vis5d+"
| #define VERSION "1.3.1"
| /* end confdefs.h.  */
| #include <ac_nonexistent.h>
configure:5317: result: cc -E
configure:5346: cc -E  conftest.c
configure:5352: $? = 0
configure:5383: cc -E  conftest.c
conftest.c:10:28: error: ac_nonexistent.h: No such file or directory
configure:5389: $? = 1
configure: failed program was:
| /* confdefs.h.  */
| #define PACKAGE_NAME ""
| #define PACKAGE_TARNAME ""
| #define PACKAGE_VERSION ""
| #define PACKAGE_STRING ""
| #define PACKAGE_BUGREPORT ""
| #define PACKAGE "vis5d+"
| #define VERSION "1.3.1"
| /* end confdefs.h.  */
| #include <ac_nonexistent.h>
configure:5427: checking for ANSI C header files
configure:5457: cc -c -g -O2  conftest.c >&5
configure:5463: $? = 0
configure:5562: cc -o conftest -g -O2   conftest.c  >&5
configure:5565: $? = 0
configure:5571: ./conftest
configure:5574: $? = 0
configure:5591: result: yes
configure:5615: checking for sys/types.h
configure:5636: cc -c -g -O2  conftest.c >&5
configure:5642: $? = 0
configure:5658: result: yes
configure:5615: checking for sys/stat.h
configure:5636: cc -c -g -O2  conftest.c >&5
configure:5642: $? = 0
configure:5658: result: yes
configure:5615: checking for stdlib.h
configure:5636: cc -c -g -O2  conftest.c >&5
configure:5642: $? = 0
configure:5658: result: yes
configure:5615: checking for string.h
configure:5636: cc -c -g -O2  conftest.c >&5
configure:5642: $? = 0
configure:5658: result: yes
configure:5615: checking for memory.h
configure:5636: cc -c -g -O2  conftest.c >&5
configure:5642: $? = 0
configure:5658: result: yes
configure:5615: checking for strings.h
configure:5636: cc -c -g -O2  conftest.c >&5
configure:5642: $? = 0
configure:5658: result: yes
configure:5615: checking for inttypes.h
configure:5636: cc -c -g -O2  conftest.c >&5
configure:5642: $? = 0
configure:5658: result: yes
configure:5615: checking for stdint.h
configure:5636: cc -c -g -O2  conftest.c >&5
configure:5642: $? = 0
configure:5658: result: yes
configure:5615: checking for unistd.h
configure:5636: cc -c -g -O2  conftest.c >&5
configure:5642: $? = 0
configure:5658: result: yes
configure:5685: checking dlfcn.h usability
configure:5702: cc -c -g -O2  conftest.c >&5
configure:5708: $? = 0
configure:5722: result: yes
configure:5726: checking dlfcn.h presence
configure:5741: cc -E  conftest.c
configure:5747: $? = 0
configure:5761: result: yes
configure:5789: checking for dlfcn.h
configure:5797: result: yes
configure:5820: checking how to run the C++ preprocessor
configure:5856: g++ -E  conftest.cpp
configure:5862: $? = 0
configure:5893: g++ -E  conftest.cpp
conftest.cpp:21:28: error: ac_nonexistent.h: No such file or directory
configure:5899: $? = 1
configure: failed program was:
| /* confdefs.h.  */
| #define PACKAGE_NAME ""
| #define PACKAGE_TARNAME ""
| #define PACKAGE_VERSION ""
| #define PACKAGE_STRING ""
| #define PACKAGE_BUGREPORT ""
| #define PACKAGE "vis5d+"
| #define VERSION "1.3.1"
| #define STDC_HEADERS 1
| #define HAVE_SYS_TYPES_H 1
| #define HAVE_SYS_STAT_H 1
| #define HAVE_STDLIB_H 1
| #define HAVE_STRING_H 1
| #define HAVE_MEMORY_H 1
| #define HAVE_STRINGS_H 1
| #define HAVE_INTTYPES_H 1
| #define HAVE_STDINT_H 1
| #define HAVE_UNISTD_H 1
| #define HAVE_DLFCN_H 1
| /* end confdefs.h.  */
| #include <ac_nonexistent.h>
configure:5932: result: g++ -E
configure:5961: g++ -E  conftest.cpp
configure:5967: $? = 0
configure:5998: g++ -E  conftest.cpp
conftest.cpp:21:28: error: ac_nonexistent.h: No such file or directory
configure:6004: $? = 1
configure: failed program was:
| /* confdefs.h.  */
| #define PACKAGE_NAME ""
| #define PACKAGE_TARNAME ""
| #define PACKAGE_VERSION ""
| #define PACKAGE_STRING ""
| #define PACKAGE_BUGREPORT ""
| #define PACKAGE "vis5d+"
| #define VERSION "1.3.1"
| #define STDC_HEADERS 1
| #define HAVE_SYS_TYPES_H 1
| #define HAVE_SYS_STAT_H 1
| #define HAVE_STDLIB_H 1
| #define HAVE_STRING_H 1
| #define HAVE_MEMORY_H 1
| #define HAVE_STRINGS_H 1
| #define HAVE_INTTYPES_H 1
| #define HAVE_STDINT_H 1
| #define HAVE_UNISTD_H 1
| #define HAVE_DLFCN_H 1
| /* end confdefs.h.  */
| #include <ac_nonexistent.h>
configure:6097: checking for g77
configure:6127: result: no
configure:6097: checking for xlf
configure:6127: result: no
configure:6097: checking for f77
configure:6127: result: no
configure:6097: checking for frt
configure:6127: result: no
configure:6097: checking for pgf77
configure:6127: result: no
configure:6097: checking for cf77
configure:6127: result: no
configure:6097: checking for fort77
configure:6127: result: no
configure:6097: checking for fl32
configure:6127: result: no
configure:6097: checking for af77
configure:6127: result: no
configure:6097: checking for xlf90
configure:6127: result: no
configure:6097: checking for f90
configure:6127: result: no
configure:6097: checking for pgf90
configure:6127: result: no
configure:6097: checking for pghpf
configure:6127: result: no
configure:6097: checking for epcf90
configure:6127: result: no
configure:6097: checking for gfortran
configure:6127: result: no
configure:6097: checking for g95
configure:6127: result: no
configure:6097: checking for xlf95
configure:6127: result: no
configure:6097: checking for f95
configure:6127: result: no
configure:6097: checking for fort
configure:6127: result: no
configure:6097: checking for ifort
configure:6127: result: no
configure:6097: checking for ifc
configure:6127: result: no
configure:6097: checking for efc
configure:6127: result: no
configure:6097: checking for pgf95
configure:6127: result: no
configure:6097: checking for lf95
configure:6127: result: no
configure:6097: checking for ftn
configure:6127: result: no
configure:6154: checking for Fortran 77 compiler version
configure:6161:  --version >&5
./configure: line 6162: --version: command not found
configure:6164: $? = 127
configure:6171:  -v >&5
./configure: line 6172: -v: command not found
configure:6174: $? = 127
configure:6181:  -V >&5
./configure: line 6182: -V: command not found
configure:6184: $? = 127
configure:6192: checking whether we are using the GNU Fortran 77 compiler
configure:6211:  -c  conftest.F >&5
./configure: line 6212: -c: command not found
configure:6217: $? = 127
configure: failed program was:
|       program main
| #ifndef __GNUC__
|        choke me
| #endif
| 
|       end
configure:6234: result: no
configure:6240: checking whether  accepts -g
configure:6257:  -c -g conftest.f >&5
./configure: line 6258: -c: command not found
configure:6263: $? = 127
configure: failed program was:
|       program main
| 
|       end
configure:6279: result: no
configure:6309: checking the maximum length of command line arguments
configure:6418: result: 32768
configure:6429: checking command to parse /usr/bin/nm -B output from cc object
configure:6534: cc -c -g -O2  conftest.c >&5
configure:6537: $? = 0
configure:6541: /usr/bin/nm -B conftest.o \| sed -n -e 's/^.*[ 	]\([ABCDGIRSTW][ABCDGIRSTW]*\)[ 	][ 	]*\([_A-Za-z][_A-Za-z0-9]*\)$/\1 \2 \2/p' \> conftest.nm
configure:6544: $? = 0
configure:6596: cc -o conftest -g -O2   conftest.c conftstm.o >&5
configure:6599: $? = 0
configure:6637: result: ok
configure:6641: checking for objdir
configure:6656: result: .libs
configure:6748: checking for ar
configure:6764: found /usr/bin/ar
configure:6775: result: ar
configure:6844: checking for ranlib
configure:6860: found /usr/bin/ranlib
configure:6871: result: ranlib
configure:6940: checking for strip
configure:6956: found /usr/bin/strip
configure:6967: result: strip
configure:7253: checking if cc supports -fno-rtti -fno-exceptions
configure:7271: cc -c -g -O2  -fno-rtti -fno-exceptions conftest.c >&5
cc1: warning: command line option "-fno-rtti" is valid for C++/ObjC++ but not for C
configure:7275: $? = 0
configure:7288: result: no
configure:7303: checking for cc option to produce PIC
configure:7513: result: -fPIC
configure:7521: checking if cc PIC flag -fPIC works
configure:7539: cc -c -g -O2  -fPIC -DPIC conftest.c >&5
configure:7543: $? = 0
configure:7556: result: yes
configure:7584: checking if cc static flag -static works
configure:7612: result: yes
configure:7622: checking if cc supports -c -o file.o
configure:7643: cc -c -g -O2  -o out/conftest2.o conftest.c >&5
configure:7647: $? = 0
configure:7669: result: yes
configure:7695: checking whether the cc linker (/usr/bin/ld -m elf_x86_64) supports shared libraries
configure:8650: result: yes
configure:8671: checking whether -lc should be explicitly linked in
configure:8676: cc -c -g -O2  conftest.c >&5
configure:8679: $? = 0
configure:8694: cc -shared conftest.o  -v -Wl,-soname -Wl,conftest -o conftest 2\>\&1 \| grep  -lc  \>/dev/null 2\>\&1
configure:8697: $? = 0
configure:8709: result: no
configure:8717: checking dynamic linker characteristics
configure:9293: result: GNU/Linux ld.so
configure:9302: checking how to hardcode library paths into programs
configure:9327: result: immediate
configure:9341: checking whether stripping libraries is possible
configure:9346: result: yes
configure:10147: checking if libtool supports shared libraries
configure:10149: result: yes
configure:10152: checking whether to build shared libraries
configure:10173: result: yes
configure:10176: checking whether to build static libraries
configure:10180: result: yes
configure:10272: creating libtool
configure:10860: checking for ld used by g++
configure:10927: result: /usr/bin/ld -m elf_x86_64
configure:10936: checking if the linker (/usr/bin/ld -m elf_x86_64) is GNU ld
configure:10951: result: yes
configure:11002: checking whether the g++ linker (/usr/bin/ld -m elf_x86_64) supports shared libraries
configure:11936: result: yes
configure:11954: g++ -c -g -O2  conftest.cpp >&5
configure:11957: $? = 0
configure:12076: checking for g++ option to produce PIC
configure:12350: result: -fPIC
configure:12358: checking if g++ PIC flag -fPIC works
configure:12376: g++ -c -g -O2  -fPIC -DPIC conftest.cpp >&5
configure:12380: $? = 0
configure:12393: result: yes
configure:12421: checking if g++ static flag -static works
configure:12449: result: yes
configure:12459: checking if g++ supports -c -o file.o
configure:12480: g++ -c -g -O2  -o out/conftest2.o conftest.cpp >&5
configure:12484: $? = 0
configure:12506: result: yes
configure:12532: checking whether the g++ linker (/usr/bin/ld -m elf_x86_64) supports shared libraries
configure:12560: result: yes
configure:12627: checking dynamic linker characteristics
configure:13203: result: GNU/Linux ld.so
configure:13212: checking how to hardcode library paths into programs
configure:13237: result: immediate
configure:19377: checking libintl.h usability
configure:19394: cc -c -g -O2  conftest.c >&5
configure:19400: $? = 0
configure:19414: result: yes
configure:19418: checking libintl.h presence
configure:19433: cc -E  conftest.c
configure:19439: $? = 0
configure:19453: result: yes
configure:19481: checking for libintl.h
configure:19489: result: yes
configure:19520: checking for msgfmt
configure:19548: result: /usr/bin/msgfmt
configure:19557: checking for gmsgfmt
configure:19588: result: /usr/bin/msgfmt
configure:19599: checking for xgettext
configure:19627: result: /usr/bin/xgettext
configure:19638: checking for msgmerge
configure:19665: result: /usr/bin/msgmerge
configure:19727: checking for ld used by GCC
configure:19790: result: /usr/bin/ld -m elf_x86_64
configure:19799: checking if the linker (/usr/bin/ld -m elf_x86_64) is GNU ld
GNU ld (GNU Binutils for Ubuntu) 2.20.1-system.20100303
configure:19811: result: yes
configure:19817: checking for shared library run path origin
configure:19830: result: done
configure:19853: checking whether NLS is requested
configure:19862: result: yes
configure:19879: checking for GNU gettext in libc
configure:19908: cc -o conftest -g -O2   conftest.c  >&5
conftest.c: In function 'main':
conftest.c:29: warning: cast from pointer to integer of different size
conftest.c:29: warning: cast from pointer to integer of different size
configure:19914: $? = 0
configure:19931: result: yes
configure:21641: checking for convert
configure:21659: found /usr/bin/convert
configure:21671: result: /usr/bin/convert
configure:21705: checking for f77
configure:21735: result: no
configure:21705: checking for xlf
configure:21735: result: no
configure:21705: checking for xlf77
configure:21735: result: no
configure:21705: checking for cf77
configure:21735: result: no
configure:21705: checking for fl32
configure:21735: result: no
configure:21705: checking for g77
configure:21735: result: no
configure:21705: checking for fort77
configure:21735: result: no
configure:21705: checking for f90
configure:21735: result: no
configure:21705: checking for xlf90
configure:21735: result: no
configure:21796: checking for g77
configure:21826: result: no
configure:21796: checking for xlf
configure:21826: result: no
configure:21796: checking for f77
configure:21826: result: no
configure:21796: checking for frt
configure:21826: result: no
configure:21796: checking for pgf77
configure:21826: result: no
configure:21796: checking for cf77
configure:21826: result: no
configure:21796: checking for fort77
configure:21826: result: no
configure:21796: checking for fl32
configure:21826: result: no
configure:21796: checking for af77
configure:21826: result: no
configure:21796: checking for xlf90
configure:21826: result: no
configure:21796: checking for f90
configure:21826: result: no
configure:21796: checking for pgf90
configure:21826: result: no
configure:21796: checking for pghpf
configure:21826: result: no
configure:21796: checking for epcf90
configure:21826: result: no
configure:21796: checking for gfortran
configure:21826: result: no
configure:21796: checking for g95
configure:21826: result: no
configure:21796: checking for xlf95
configure:21826: result: no
configure:21796: checking for f95
configure:21826: result: no
configure:21796: checking for fort
configure:21826: result: no
configure:21796: checking for ifort
configure:21826: result: no
configure:21796: checking for ifc
configure:21826: result: no
configure:21796: checking for efc
configure:21826: result: no
configure:21796: checking for pgf95
configure:21826: result: no
configure:21796: checking for lf95
configure:21826: result: no
configure:21796: checking for ftn
configure:21826: result: no
configure:21853: checking for Fortran 77 compiler version
configure:21860:  --version >&5
./configure: line 21861: --version: command not found
configure:21863: $? = 127
configure:21870:  -v >&5
./configure: line 21871: -v: command not found
configure:21873: $? = 127
configure:21880:  -V >&5
./configure: line 21881: -V: command not found
configure:21883: $? = 127
configure:21891: checking whether we are using the GNU Fortran 77 compiler
configure:21933: result: no
configure:21939: checking whether  accepts -g
configure:21978: result: no
configure:22834: WARNING: didn't find any Fortran compiler
configure:22841: checking whether we are using gcc 2.90 or later
configure:22855: cc -E conftest.c
configure:22858: $? = 0
configure:22866: result: yes
configure:22921: checking whether cc accepts -malign-double
configure:22935: result: yes
configure:23271: checking whether cc accepts -O3 -fomit-frame-pointer -malign-double
configure:23285: result: yes
configure:23367: checking for float
configure:23405: cc -c -O3 -fomit-frame-pointer -malign-double  conftest.c >&5
configure:23411: $? = 0
configure:23426: result: yes
configure:23433: checking size of float
configure:23783: cc -o conftest -O3 -fomit-frame-pointer -malign-double   conftest.c  >&5
configure:23786: $? = 0
configure:23792: ./conftest
configure:23795: $? = 0
configure:23818: result: 4
configure:23828: checking for int
configure:23866: cc -c -O3 -fomit-frame-pointer -malign-double  conftest.c >&5
configure:23872: $? = 0
configure:23887: result: yes
configure:23894: checking size of int
configure:24244: cc -o conftest -O3 -fomit-frame-pointer -malign-double   conftest.c  >&5
configure:24247: $? = 0
configure:24253: ./conftest
configure:24256: $? = 0
configure:24279: result: 4
configure:24289: checking for signed char
configure:24327: cc -c -O3 -fomit-frame-pointer -malign-double  conftest.c >&5
configure:24333: $? = 0
configure:24348: result: yes
configure:24355: checking size of signed char
configure:24705: cc -o conftest -O3 -fomit-frame-pointer -malign-double   conftest.c  >&5
configure:24708: $? = 0
configure:24714: ./conftest
configure:24717: $? = 0
configure:24740: result: 1
configure:24750: checking whether byte ordering is bigendian
configure:24791: cc -c -O3 -fomit-frame-pointer -malign-double  conftest.c >&5
configure:24797: $? = 0
configure:24837: cc -c -O3 -fomit-frame-pointer -malign-double  conftest.c >&5
conftest.c: In function 'main':
conftest.c:47: error: 'not' undeclared (first use in this function)
conftest.c:47: error: (Each undeclared identifier is reported only once
conftest.c:47: error: for each function it appears in.)
conftest.c:47: error: expected ';' before 'big'
configure:24843: $? = 1
configure: failed program was:
| /* confdefs.h.  */
| #define PACKAGE_NAME ""
| #define PACKAGE_TARNAME ""
| #define PACKAGE_VERSION ""
| #define PACKAGE_STRING ""
| #define PACKAGE_BUGREPORT ""
| #define PACKAGE "vis5d+"
| #define VERSION "1.3.1"
| #define STDC_HEADERS 1
| #define HAVE_SYS_TYPES_H 1
| #define HAVE_SYS_STAT_H 1
| #define HAVE_STDLIB_H 1
| #define HAVE_STRING_H 1
| #define HAVE_MEMORY_H 1
| #define HAVE_STRINGS_H 1
| #define HAVE_INTTYPES_H 1
| #define HAVE_STDINT_H 1
| #define HAVE_UNISTD_H 1
| #define HAVE_DLFCN_H 1
| #define HAVE_LIBINTL_H 1
| #define ENABLE_NLS 1
| #define HAVE_GETTEXT 1
| #define HAVE_DCGETTEXT 1
| #define VIS5D_LOCALE_DIR "/usr/local//locale"
| #define VIS5D_SOURCE_DIR "/home/demo/workspace/vis5d--1.3.1"
| #define IMCONVERT "/usr/bin/convert"
| #define VIS5D_MAX_MEM 0
| #define SIZEOF_FLOAT 4
| #define SIZEOF_INT 4
| #define SIZEOF_SIGNED_CHAR 1
| /* end confdefs.h.  */
| #include <sys/types.h>
| #include <sys/param.h>
| 
| #ifdef F77_DUMMY_MAIN
| 
| #  ifdef __cplusplus
|      extern "C"
| #  endif
|    int F77_DUMMY_MAIN() { return 1; }
| 
| #endif
| int
| main ()
| {
| #if BYTE_ORDER != BIG_ENDIAN
|  not big endian
| #endif
| 
|   ;
|   return 0;
| }
configure:24999: result: no
configure:25023: checking for sqrt in -lm
configure:25066: cc -o conftest -O3 -fomit-frame-pointer -malign-double   conftest.c -lm   >&5
conftest.c:39: warning: conflicting types for built-in function 'sqrt'
configure:25072: $? = 0
configure:25090: result: yes
configure:25112: checking zlib.h usability
configure:25129: cc -c -O3 -fomit-frame-pointer -malign-double  conftest.c >&5
configure:25135: $? = 0
configure:25149: result: yes
configure:25153: checking zlib.h presence
configure:25168: cc -E  conftest.c
configure:25174: $? = 0
configure:25188: result: yes
configure:25216: checking for zlib.h
configure:25223: result: yes
configure:25229: checking for deflate in -lz
configure:25272: cc -o conftest -O3 -fomit-frame-pointer -malign-double   conftest.c -lz  -lm  >&5
configure:25278: $? = 0
configure:25296: result: yes
configure:25321: checking png.h usability
configure:25338: cc -c -O3 -fomit-frame-pointer -malign-double  conftest.c >&5
configure:25344: $? = 0
configure:25358: result: yes
configure:25362: checking png.h presence
configure:25377: cc -E  conftest.c
configure:25383: $? = 0
configure:25397: result: yes
configure:25425: checking for png.h
configure:25432: result: yes
configure:25438: checking for png_write_image in -lpng
configure:25481: cc -o conftest -O3 -fomit-frame-pointer -malign-double   conftest.c -lpng  -lz -lm  >&5
configure:25487: $? = 0
configure:25505: result: yes
configure:25527: checking for strcasecmp
configure:25591: cc -o conftest -O3 -fomit-frame-pointer -malign-double   conftest.c -lpng -lz -lm  >&5
conftest.c:58: warning: conflicting types for built-in function 'strcasecmp'
configure:25597: $? = 0
configure:25615: result: yes
configure:25527: checking for strncasecmp
configure:25591: cc -o conftest -O3 -fomit-frame-pointer -malign-double   conftest.c -lpng -lz -lm  >&5
conftest.c:59: warning: conflicting types for built-in function 'strncasecmp'
configure:25597: $? = 0
configure:25615: result: yes
configure:25527: checking for strdup
configure:25591: cc -o conftest -O3 -fomit-frame-pointer -malign-double   conftest.c -lpng -lz -lm  >&5
conftest.c:60: warning: conflicting types for built-in function 'strdup'
configure:25597: $? = 0
configure:25615: result: yes
configure:25627: checking for X
configure:25805: cc -o conftest -O3 -fomit-frame-pointer -malign-double   conftest.c -lX11 -lpng -lz -lm  >&5
configure:25811: $? = 0
configure:25870: result: libraries , headers 
configure:26055: cc -o conftest -O3 -fomit-frame-pointer -malign-double   conftest.c -lpng -lz -lm   -lX11 >&5
configure:26061: $? = 0
configure:26234: checking for gethostbyname
configure:26298: cc -o conftest -O3 -fomit-frame-pointer -malign-double   conftest.c -lpng -lz -lm  >&5
configure:26304: $? = 0
configure:26321: result: yes
configure:26482: checking for connect
configure:26546: cc -o conftest -O3 -fomit-frame-pointer -malign-double   conftest.c -lpng -lz -lm  >&5
configure:26552: $? = 0
configure:26569: result: yes
configure:26649: checking for remove
configure:26713: cc -o conftest -O3 -fomit-frame-pointer -malign-double   conftest.c -lpng -lz -lm  >&5
configure:26719: $? = 0
configure:26736: result: yes
configure:26816: checking for shmat
configure:26880: cc -o conftest -O3 -fomit-frame-pointer -malign-double   conftest.c -lpng -lz -lm  >&5
configure:26886: $? = 0
configure:26903: result: yes
configure:26992: checking for IceConnectionNumber in -lICE
configure:27035: cc -o conftest -O3 -fomit-frame-pointer -malign-double   conftest.c -lICE  -lpng -lz -lm  >&5
configure:27041: $? = 0
configure:27059: result: yes
configure:27079: checking for glBegin in -lGL
configure:27122: cc -o conftest -O3 -fomit-frame-pointer -malign-double    conftest.c -lGL   -lSM -lICE -lXext -lX11  -lpng -lz -lm  >&5
configure:27128: $? = 0
configure:27146: result: yes
configure:27149: checking for gluProject in -lGLU
configure:27192: cc -o conftest -O3 -fomit-frame-pointer -malign-double    conftest.c -lGLU -lGL   -lSM -lICE -lXext -lX11  -lpng -lz -lm  >&5
configure:27198: $? = 0
configure:27216: result: yes
configure:27552: checking GL/gl.h usability
configure:27569: cc -c -O3 -fomit-frame-pointer -malign-double   conftest.c >&5
configure:27575: $? = 0
configure:27589: result: yes
configure:27593: checking GL/gl.h presence
configure:27608: cc -E  conftest.c
configure:27614: $? = 0
configure:27628: result: yes
configure:27656: checking for GL/gl.h
configure:27664: result: yes
configure:27965: checking for XMesaGetBackBuffer
configure:28029: cc -o conftest -O3 -fomit-frame-pointer -malign-double    conftest.c -lGLU -lGL   -lSM -lICE -lXext -lX11  -lpng -lz -lm  >&5
/tmp/cc7qbEjU.o: In function `main':
conftest.c:(.text+0x7): undefined reference to `XMesaGetBackBuffer'
collect2: ld returned 1 exit status
configure:28035: $? = 1
configure: failed program was:
| /* confdefs.h.  */
| #define PACKAGE_NAME ""
| #define PACKAGE_TARNAME ""
| #define PACKAGE_VERSION ""
| #define PACKAGE_STRING ""
| #define PACKAGE_BUGREPORT ""
| #define PACKAGE "vis5d+"
| #define VERSION "1.3.1"
| #define STDC_HEADERS 1
| #define HAVE_SYS_TYPES_H 1
| #define HAVE_SYS_STAT_H 1
| #define HAVE_STDLIB_H 1
| #define HAVE_STRING_H 1
| #define HAVE_MEMORY_H 1
| #define HAVE_STRINGS_H 1
| #define HAVE_INTTYPES_H 1
| #define HAVE_STDINT_H 1
| #define HAVE_UNISTD_H 1
| #define HAVE_DLFCN_H 1
| #define HAVE_LIBINTL_H 1
| #define ENABLE_NLS 1
| #define HAVE_GETTEXT 1
| #define HAVE_DCGETTEXT 1
| #define VIS5D_LOCALE_DIR "/usr/local//locale"
| #define VIS5D_SOURCE_DIR "/home/demo/workspace/vis5d--1.3.1"
| #define IMCONVERT "/usr/bin/convert"
| #define VIS5D_MAX_MEM 0
| #define SIZEOF_FLOAT 4
| #define SIZEOF_INT 4
| #define SIZEOF_SIGNED_CHAR 1
| #define HAVE_LIBM 1
| #define HAVE_LIBZ 1
| #define HAVE_LIBPNG 1
| #define HAVE_STRCASECMP 1
| #define HAVE_STRNCASECMP 1
| #define HAVE_STRDUP 1
| #define HAVE_OPENGL 1
| #define HAVE_GL_GL_H 1
| /* end confdefs.h.  */
| /* Define XMesaGetBackBuffer to an innocuous variant, in case <limits.h> declares XMesaGetBackBuffer.
|    For example, HP-UX 11i <limits.h> declares gettimeofday.  */
| #define XMesaGetBackBuffer innocuous_XMesaGetBackBuffer
| 
| /* System header to define __stub macros and hopefully few prototypes,
|     which can conflict with char XMesaGetBackBuffer (); below.
|     Prefer <limits.h> to <assert.h> if __STDC__ is defined, since
|     <limits.h> exists even on freestanding compilers.  */
| 
| #ifdef __STDC__
| # include <limits.h>
| #else
| # include <assert.h>
| #endif
| 
| #undef XMesaGetBackBuffer
| 
| /* Override any GCC internal prototype to avoid an error.
|    Use char because int might match the return type of a GCC
|    builtin and then its argument prototype would still apply.  */
| #ifdef __cplusplus
| extern "C"
| #endif
| char XMesaGetBackBuffer ();
| /* The GNU C library defines this for functions which it implements
|     to always fail with ENOSYS.  Some functions are actually named
|     something starting with __ and the normal name is an alias.  */
| #if defined __stub_XMesaGetBackBuffer || defined __stub___XMesaGetBackBuffer
| choke me
| #endif
| 
| #ifdef F77_DUMMY_MAIN
| 
| #  ifdef __cplusplus
|      extern "C"
| #  endif
|    int F77_DUMMY_MAIN() { return 1; }
| 
| #endif
| int
| main ()
| {
| return XMesaGetBackBuffer ();
|   ;
|   return 0;
| }
configure:28053: result: no
configure:28070: checking for dlopen in -ldl
configure:28113: cc -o conftest -O3 -fomit-frame-pointer -malign-double    conftest.c -ldl  -lpng -lz -lm  >&5
configure:28119: $? = 0
configure:28137: result: yes
configure:28143: checking for Tcl_Eval in -ltcl
configure:28186: cc -o conftest -O3 -fomit-frame-pointer -malign-double    conftest.c -ltcl -ldl  -lpng -lz -lm  >&5
/usr/bin/ld: cannot find -ltcl
collect2: ld returned 1 exit status
configure:28192: $? = 1
configure: failed program was:
| /* confdefs.h.  */
| #define PACKAGE_NAME ""
| #define PACKAGE_TARNAME ""
| #define PACKAGE_VERSION ""
| #define PACKAGE_STRING ""
| #define PACKAGE_BUGREPORT ""
| #define PACKAGE "vis5d+"
| #define VERSION "1.3.1"
| #define STDC_HEADERS 1
| #define HAVE_SYS_TYPES_H 1
| #define HAVE_SYS_STAT_H 1
| #define HAVE_STDLIB_H 1
| #define HAVE_STRING_H 1
| #define HAVE_MEMORY_H 1
| #define HAVE_STRINGS_H 1
| #define HAVE_INTTYPES_H 1
| #define HAVE_STDINT_H 1
| #define HAVE_UNISTD_H 1
| #define HAVE_DLFCN_H 1
| #define HAVE_LIBINTL_H 1
| #define ENABLE_NLS 1
| #define HAVE_GETTEXT 1
| #define HAVE_DCGETTEXT 1
| #define VIS5D_LOCALE_DIR "/usr/local//locale"
| #define VIS5D_SOURCE_DIR "/home/demo/workspace/vis5d--1.3.1"
| #define IMCONVERT "/usr/bin/convert"
| #define VIS5D_MAX_MEM 0
| #define SIZEOF_FLOAT 4
| #define SIZEOF_INT 4
| #define SIZEOF_SIGNED_CHAR 1
| #define HAVE_LIBM 1
| #define HAVE_LIBZ 1
| #define HAVE_LIBPNG 1
| #define HAVE_STRCASECMP 1
| #define HAVE_STRNCASECMP 1
| #define HAVE_STRDUP 1
| #define HAVE_OPENGL 1
| #define HAVE_GL_GL_H 1
| /* end confdefs.h.  */
| 
| /* Override any GCC internal prototype to avoid an error.
|    Use char because int might match the return type of a GCC
|    builtin and then its argument prototype would still apply.  */
| #ifdef __cplusplus
| extern "C"
| #endif
| char Tcl_Eval ();
| #ifdef F77_DUMMY_MAIN
| 
| #  ifdef __cplusplus
|      extern "C"
| #  endif
|    int F77_DUMMY_MAIN() { return 1; }
| 
| #endif
| int
| main ()
| {
| return Tcl_Eval ();
|   ;
|   return 0;
| }
configure:28210: result: no
configure:28229: checking for setrlimit
configure:28293: cc -o conftest -O3 -fomit-frame-pointer -malign-double    conftest.c -lpng -lz -lm  >&5
configure:28299: $? = 0
configure:28317: result: yes
configure:28383: checking for iopen in -limage
configure:28426: cc -o conftest -O3 -fomit-frame-pointer -malign-double    conftest.c -limage  -lpng -lz -lm  >&5
/usr/bin/ld: cannot find -limage
collect2: ld returned 1 exit status
configure:28432: $? = 1
configure: failed program was:
| /* confdefs.h.  */
| #define PACKAGE_NAME ""
| #define PACKAGE_TARNAME ""
| #define PACKAGE_VERSION ""
| #define PACKAGE_STRING ""
| #define PACKAGE_BUGREPORT ""
| #define PACKAGE "vis5d+"
| #define VERSION "1.3.1"
| #define STDC_HEADERS 1
| #define HAVE_SYS_TYPES_H 1
| #define HAVE_SYS_STAT_H 1
| #define HAVE_STDLIB_H 1
| #define HAVE_STRING_H 1
| #define HAVE_MEMORY_H 1
| #define HAVE_STRINGS_H 1
| #define HAVE_INTTYPES_H 1
| #define HAVE_STDINT_H 1
| #define HAVE_UNISTD_H 1
| #define HAVE_DLFCN_H 1
| #define HAVE_LIBINTL_H 1
| #define ENABLE_NLS 1
| #define HAVE_GETTEXT 1
| #define HAVE_DCGETTEXT 1
| #define VIS5D_LOCALE_DIR "/usr/local//locale"
| #define VIS5D_SOURCE_DIR "/home/demo/workspace/vis5d--1.3.1"
| #define IMCONVERT "/usr/bin/convert"
| #define VIS5D_MAX_MEM 0
| #define SIZEOF_FLOAT 4
| #define SIZEOF_INT 4
| #define SIZEOF_SIGNED_CHAR 1
| #define HAVE_LIBM 1
| #define HAVE_LIBZ 1
| #define HAVE_LIBPNG 1
| #define HAVE_STRCASECMP 1
| #define HAVE_STRNCASECMP 1
| #define HAVE_STRDUP 1
| #define HAVE_OPENGL 1
| #define HAVE_GL_GL_H 1
| #define HAVE_SETRLIMIT 1
| /* end confdefs.h.  */
| 
| /* Override any GCC internal prototype to avoid an error.
|    Use char because int might match the return type of a GCC
|    builtin and then its argument prototype would still apply.  */
| #ifdef __cplusplus
| extern "C"
| #endif
| char iopen ();
| #ifdef F77_DUMMY_MAIN
| 
| #  ifdef __cplusplus
|      extern "C"
| #  endif
|    int F77_DUMMY_MAIN() { return 1; }
| 
| #endif
| int
| main ()
| {
| return iopen ();
|   ;
|   return 0;
| }
configure:28450: result: no
configure:28490: checking for nc_inq_dimlen in -lnetcdf
configure:28533: cc -o conftest -O3 -fomit-frame-pointer -malign-double    conftest.c -lnetcdf -ldl  -lpng -lz -lm  >&5
configure:28539: $? = 0
configure:28557: result: yes
configure:28589: checking netcdf.h usability
configure:28606: cc -c -O3 -fomit-frame-pointer -malign-double   conftest.c >&5
configure:28612: $? = 0
configure:28626: result: yes
configure:28630: checking netcdf.h presence
configure:28645: cc -E  conftest.c
configure:28651: $? = 0
configure:28665: result: yes
configure:28693: checking for netcdf.h
configure:28701: result: yes
configure:29119: checking X11/Xm/MwmUtil.h usability
configure:29136: cc -c -O3 -fomit-frame-pointer -malign-double   conftest.c >&5
conftest.c:76:28: error: X11/Xm/MwmUtil.h: No such file or directory
configure:29142: $? = 1
configure: failed program was:
| /* confdefs.h.  */
| #define PACKAGE_NAME ""
| #define PACKAGE_TARNAME ""
| #define PACKAGE_VERSION ""
| #define PACKAGE_STRING ""
| #define PACKAGE_BUGREPORT ""
| #define PACKAGE "vis5d+"
| #define VERSION "1.3.1"
| #define STDC_HEADERS 1
| #define HAVE_SYS_TYPES_H 1
| #define HAVE_SYS_STAT_H 1
| #define HAVE_STDLIB_H 1
| #define HAVE_STRING_H 1
| #define HAVE_MEMORY_H 1
| #define HAVE_STRINGS_H 1
| #define HAVE_INTTYPES_H 1
| #define HAVE_STDINT_H 1
| #define HAVE_UNISTD_H 1
| #define HAVE_DLFCN_H 1
| #define HAVE_LIBINTL_H 1
| #define ENABLE_NLS 1
| #define HAVE_GETTEXT 1
| #define HAVE_DCGETTEXT 1
| #define VIS5D_LOCALE_DIR "/usr/local//locale"
| #define VIS5D_SOURCE_DIR "/home/demo/workspace/vis5d--1.3.1"
| #define IMCONVERT "/usr/bin/convert"
| #define VIS5D_MAX_MEM 0
| #define SIZEOF_FLOAT 4
| #define SIZEOF_INT 4
| #define SIZEOF_SIGNED_CHAR 1
| #define HAVE_LIBM 1
| #define HAVE_LIBZ 1
| #define HAVE_LIBPNG 1
| #define HAVE_STRCASECMP 1
| #define HAVE_STRNCASECMP 1
| #define HAVE_STRDUP 1
| #define HAVE_OPENGL 1
| #define HAVE_GL_GL_H 1
| #define HAVE_SETRLIMIT 1
| #define HAVE_LIBNETCDF 1
| #define HAVE_NETCDF_H 1
| /* end confdefs.h.  */
| #include <stdio.h>
| #ifdef HAVE_SYS_TYPES_H
| # include <sys/types.h>
| #endif
| #ifdef HAVE_SYS_STAT_H
| # include <sys/stat.h>
| #endif
| #ifdef STDC_HEADERS
| # include <stdlib.h>
| # include <stddef.h>
| #else
| # ifdef HAVE_STDLIB_H
| #  include <stdlib.h>
| # endif
| #endif
| #ifdef HAVE_STRING_H
| # if !defined STDC_HEADERS && defined HAVE_MEMORY_H
| #  include <memory.h>
| # endif
| # include <string.h>
| #endif
| #ifdef HAVE_STRINGS_H
| # include <strings.h>
| #endif
| #ifdef HAVE_INTTYPES_H
| # include <inttypes.h>
| #endif
| #ifdef HAVE_STDINT_H
| # include <stdint.h>
| #endif
| #ifdef HAVE_UNISTD_H
| # include <unistd.h>
| #endif
| #include <X11/Xm/MwmUtil.h>
configure:29156: result: no
configure:29160: checking X11/Xm/MwmUtil.h presence
configure:29175: cc -E  conftest.c
conftest.c:43:28: error: X11/Xm/MwmUtil.h: No such file or directory
configure:29181: $? = 1
configure: failed program was:
| /* confdefs.h.  */
| #define PACKAGE_NAME ""
| #define PACKAGE_TARNAME ""
| #define PACKAGE_VERSION ""
| #define PACKAGE_STRING ""
| #define PACKAGE_BUGREPORT ""
| #define PACKAGE "vis5d+"
| #define VERSION "1.3.1"
| #define STDC_HEADERS 1
| #define HAVE_SYS_TYPES_H 1
| #define HAVE_SYS_STAT_H 1
| #define HAVE_STDLIB_H 1
| #define HAVE_STRING_H 1
| #define HAVE_MEMORY_H 1
| #define HAVE_STRINGS_H 1
| #define HAVE_INTTYPES_H 1
| #define HAVE_STDINT_H 1
| #define HAVE_UNISTD_H 1
| #define HAVE_DLFCN_H 1
| #define HAVE_LIBINTL_H 1
| #define ENABLE_NLS 1
| #define HAVE_GETTEXT 1
| #define HAVE_DCGETTEXT 1
| #define VIS5D_LOCALE_DIR "/usr/local//locale"
| #define VIS5D_SOURCE_DIR "/home/demo/workspace/vis5d--1.3.1"
| #define IMCONVERT "/usr/bin/convert"
| #define VIS5D_MAX_MEM 0
| #define SIZEOF_FLOAT 4
| #define SIZEOF_INT 4
| #define SIZEOF_SIGNED_CHAR 1
| #define HAVE_LIBM 1
| #define HAVE_LIBZ 1
| #define HAVE_LIBPNG 1
| #define HAVE_STRCASECMP 1
| #define HAVE_STRNCASECMP 1
| #define HAVE_STRDUP 1
| #define HAVE_OPENGL 1
| #define HAVE_GL_GL_H 1
| #define HAVE_SETRLIMIT 1
| #define HAVE_LIBNETCDF 1
| #define HAVE_NETCDF_H 1
| /* end confdefs.h.  */
| #include <X11/Xm/MwmUtil.h>
configure:29195: result: no
configure:29223: checking for X11/Xm/MwmUtil.h
configure:29231: result: no
configure:29109: checking for sys/types.h
configure:29115: result: yes
configure:29119: checking sys/prctl.h usability
configure:29136: cc -c -O3 -fomit-frame-pointer -malign-double   conftest.c >&5
configure:29142: $? = 0
configure:29156: result: yes
configure:29160: checking sys/prctl.h presence
configure:29175: cc -E  conftest.c
configure:29181: $? = 0
configure:29195: result: yes
configure:29223: checking for sys/prctl.h
configure:29231: result: yes
configure:29119: checking sys/sysmp.h usability
configure:29136: cc -c -O3 -fomit-frame-pointer -malign-double   conftest.c >&5
conftest.c:78:23: error: sys/sysmp.h: No such file or directory
configure:29142: $? = 1
configure: failed program was:
| /* confdefs.h.  */
| #define PACKAGE_NAME ""
| #define PACKAGE_TARNAME ""
| #define PACKAGE_VERSION ""
| #define PACKAGE_STRING ""
| #define PACKAGE_BUGREPORT ""
| #define PACKAGE "vis5d+"
| #define VERSION "1.3.1"
| #define STDC_HEADERS 1
| #define HAVE_SYS_TYPES_H 1
| #define HAVE_SYS_STAT_H 1
| #define HAVE_STDLIB_H 1
| #define HAVE_STRING_H 1
| #define HAVE_MEMORY_H 1
| #define HAVE_STRINGS_H 1
| #define HAVE_INTTYPES_H 1
| #define HAVE_STDINT_H 1
| #define HAVE_UNISTD_H 1
| #define HAVE_DLFCN_H 1
| #define HAVE_LIBINTL_H 1
| #define ENABLE_NLS 1
| #define HAVE_GETTEXT 1
| #define HAVE_DCGETTEXT 1
| #define VIS5D_LOCALE_DIR "/usr/local//locale"
| #define VIS5D_SOURCE_DIR "/home/demo/workspace/vis5d--1.3.1"
| #define IMCONVERT "/usr/bin/convert"
| #define VIS5D_MAX_MEM 0
| #define SIZEOF_FLOAT 4
| #define SIZEOF_INT 4
| #define SIZEOF_SIGNED_CHAR 1
| #define HAVE_LIBM 1
| #define HAVE_LIBZ 1
| #define HAVE_LIBPNG 1
| #define HAVE_STRCASECMP 1
| #define HAVE_STRNCASECMP 1
| #define HAVE_STRDUP 1
| #define HAVE_OPENGL 1
| #define HAVE_GL_GL_H 1
| #define HAVE_SETRLIMIT 1
| #define HAVE_LIBNETCDF 1
| #define HAVE_NETCDF_H 1
| #define HAVE_SYS_TYPES_H 1
| #define HAVE_SYS_PRCTL_H 1
| /* end confdefs.h.  */
| #include <stdio.h>
| #ifdef HAVE_SYS_TYPES_H
| # include <sys/types.h>
| #endif
| #ifdef HAVE_SYS_STAT_H
| # include <sys/stat.h>
| #endif
| #ifdef STDC_HEADERS
| # include <stdlib.h>
| # include <stddef.h>
| #else
| # ifdef HAVE_STDLIB_H
| #  include <stdlib.h>
| # endif
| #endif
| #ifdef HAVE_STRING_H
| # if !defined STDC_HEADERS && defined HAVE_MEMORY_H
| #  include <memory.h>
| # endif
| # include <string.h>
| #endif
| #ifdef HAVE_STRINGS_H
| # include <strings.h>
| #endif
| #ifdef HAVE_INTTYPES_H
| # include <inttypes.h>
| #endif
| #ifdef HAVE_STDINT_H
| # include <stdint.h>
| #endif
| #ifdef HAVE_UNISTD_H
| # include <unistd.h>
| #endif
| #include <sys/sysmp.h>
configure:29156: result: no
configure:29160: checking sys/sysmp.h presence
configure:29175: cc -E  conftest.c
conftest.c:45:23: error: sys/sysmp.h: No such file or directory
configure:29181: $? = 1
configure: failed program was:
| /* confdefs.h.  */
| #define PACKAGE_NAME ""
| #define PACKAGE_TARNAME ""
| #define PACKAGE_VERSION ""
| #define PACKAGE_STRING ""
| #define PACKAGE_BUGREPORT ""
| #define PACKAGE "vis5d+"
| #define VERSION "1.3.1"
| #define STDC_HEADERS 1
| #define HAVE_SYS_TYPES_H 1
| #define HAVE_SYS_STAT_H 1
| #define HAVE_STDLIB_H 1
| #define HAVE_STRING_H 1
| #define HAVE_MEMORY_H 1
| #define HAVE_STRINGS_H 1
| #define HAVE_INTTYPES_H 1
| #define HAVE_STDINT_H 1
| #define HAVE_UNISTD_H 1
| #define HAVE_DLFCN_H 1
| #define HAVE_LIBINTL_H 1
| #define ENABLE_NLS 1
| #define HAVE_GETTEXT 1
| #define HAVE_DCGETTEXT 1
| #define VIS5D_LOCALE_DIR "/usr/local//locale"
| #define VIS5D_SOURCE_DIR "/home/demo/workspace/vis5d--1.3.1"
| #define IMCONVERT "/usr/bin/convert"
| #define VIS5D_MAX_MEM 0
| #define SIZEOF_FLOAT 4
| #define SIZEOF_INT 4
| #define SIZEOF_SIGNED_CHAR 1
| #define HAVE_LIBM 1
| #define HAVE_LIBZ 1
| #define HAVE_LIBPNG 1
| #define HAVE_STRCASECMP 1
| #define HAVE_STRNCASECMP 1
| #define HAVE_STRDUP 1
| #define HAVE_OPENGL 1
| #define HAVE_GL_GL_H 1
| #define HAVE_SETRLIMIT 1
| #define HAVE_LIBNETCDF 1
| #define HAVE_NETCDF_H 1
| #define HAVE_SYS_TYPES_H 1
| #define HAVE_SYS_PRCTL_H 1
| /* end confdefs.h.  */
| #include <sys/sysmp.h>
configure:29195: result: no
configure:29223: checking for sys/sysmp.h
configure:29231: result: no
configure:29119: checking sysmp.h usability
configure:29136: cc -c -O3 -fomit-frame-pointer -malign-double   conftest.c >&5
conftest.c:78:19: error: sysmp.h: No such file or directory
configure:29142: $? = 1
configure: failed program was:
| /* confdefs.h.  */
| #define PACKAGE_NAME ""
| #define PACKAGE_TARNAME ""
| #define PACKAGE_VERSION ""
| #define PACKAGE_STRING ""
| #define PACKAGE_BUGREPORT ""
| #define PACKAGE "vis5d+"
| #define VERSION "1.3.1"
| #define STDC_HEADERS 1
| #define HAVE_SYS_TYPES_H 1
| #define HAVE_SYS_STAT_H 1
| #define HAVE_STDLIB_H 1
| #define HAVE_STRING_H 1
| #define HAVE_MEMORY_H 1
| #define HAVE_STRINGS_H 1
| #define HAVE_INTTYPES_H 1
| #define HAVE_STDINT_H 1
| #define HAVE_UNISTD_H 1
| #define HAVE_DLFCN_H 1
| #define HAVE_LIBINTL_H 1
| #define ENABLE_NLS 1
| #define HAVE_GETTEXT 1
| #define HAVE_DCGETTEXT 1
| #define VIS5D_LOCALE_DIR "/usr/local//locale"
| #define VIS5D_SOURCE_DIR "/home/demo/workspace/vis5d--1.3.1"
| #define IMCONVERT "/usr/bin/convert"
| #define VIS5D_MAX_MEM 0
| #define SIZEOF_FLOAT 4
| #define SIZEOF_INT 4
| #define SIZEOF_SIGNED_CHAR 1
| #define HAVE_LIBM 1
| #define HAVE_LIBZ 1
| #define HAVE_LIBPNG 1
| #define HAVE_STRCASECMP 1
| #define HAVE_STRNCASECMP 1
| #define HAVE_STRDUP 1
| #define HAVE_OPENGL 1
| #define HAVE_GL_GL_H 1
| #define HAVE_SETRLIMIT 1
| #define HAVE_LIBNETCDF 1
| #define HAVE_NETCDF_H 1
| #define HAVE_SYS_TYPES_H 1
| #define HAVE_SYS_PRCTL_H 1
| /* end confdefs.h.  */
| #include <stdio.h>
| #ifdef HAVE_SYS_TYPES_H
| # include <sys/types.h>
| #endif
| #ifdef HAVE_SYS_STAT_H
| # include <sys/stat.h>
| #endif
| #ifdef STDC_HEADERS
| # include <stdlib.h>
| # include <stddef.h>
| #else
| # ifdef HAVE_STDLIB_H
| #  include <stdlib.h>
| # endif
| #endif
| #ifdef HAVE_STRING_H
| # if !defined STDC_HEADERS && defined HAVE_MEMORY_H
| #  include <memory.h>
| # endif
| # include <string.h>
| #endif
| #ifdef HAVE_STRINGS_H
| # include <strings.h>
| #endif
| #ifdef HAVE_INTTYPES_H
| # include <inttypes.h>
| #endif
| #ifdef HAVE_STDINT_H
| # include <stdint.h>
| #endif
| #ifdef HAVE_UNISTD_H
| # include <unistd.h>
| #endif
| #include <sysmp.h>
configure:29156: result: no
configure:29160: checking sysmp.h presence
configure:29175: cc -E  conftest.c
conftest.c:45:19: error: sysmp.h: No such file or directory
configure:29181: $? = 1
configure: failed program was:
| /* confdefs.h.  */
| #define PACKAGE_NAME ""
| #define PACKAGE_TARNAME ""
| #define PACKAGE_VERSION ""
| #define PACKAGE_STRING ""
| #define PACKAGE_BUGREPORT ""
| #define PACKAGE "vis5d+"
| #define VERSION "1.3.1"
| #define STDC_HEADERS 1
| #define HAVE_SYS_TYPES_H 1
| #define HAVE_SYS_STAT_H 1
| #define HAVE_STDLIB_H 1
| #define HAVE_STRING_H 1
| #define HAVE_MEMORY_H 1
| #define HAVE_STRINGS_H 1
| #define HAVE_INTTYPES_H 1
| #define HAVE_STDINT_H 1
| #define HAVE_UNISTD_H 1
| #define HAVE_DLFCN_H 1
| #define HAVE_LIBINTL_H 1
| #define ENABLE_NLS 1
| #define HAVE_GETTEXT 1
| #define HAVE_DCGETTEXT 1
| #define VIS5D_LOCALE_DIR "/usr/local//locale"
| #define VIS5D_SOURCE_DIR "/home/demo/workspace/vis5d--1.3.1"
| #define IMCONVERT "/usr/bin/convert"
| #define VIS5D_MAX_MEM 0
| #define SIZEOF_FLOAT 4
| #define SIZEOF_INT 4
| #define SIZEOF_SIGNED_CHAR 1
| #define HAVE_LIBM 1
| #define HAVE_LIBZ 1
| #define HAVE_LIBPNG 1
| #define HAVE_STRCASECMP 1
| #define HAVE_STRNCASECMP 1
| #define HAVE_STRDUP 1
| #define HAVE_OPENGL 1
| #define HAVE_GL_GL_H 1
| #define HAVE_SETRLIMIT 1
| #define HAVE_LIBNETCDF 1
| #define HAVE_NETCDF_H 1
| #define HAVE_SYS_TYPES_H 1
| #define HAVE_SYS_PRCTL_H 1
| /* end confdefs.h.  */
| #include <sysmp.h>
configure:29195: result: no
configure:29223: checking for sysmp.h
configure:29231: result: no
configure:29119: checking sys/lock.h usability
configure:29136: cc -c -O3 -fomit-frame-pointer -malign-double   conftest.c >&5
conftest.c:78:22: error: sys/lock.h: No such file or directory
configure:29142: $? = 1
configure: failed program was:
| /* confdefs.h.  */
| #define PACKAGE_NAME ""
| #define PACKAGE_TARNAME ""
| #define PACKAGE_VERSION ""
| #define PACKAGE_STRING ""
| #define PACKAGE_BUGREPORT ""
| #define PACKAGE "vis5d+"
| #define VERSION "1.3.1"
| #define STDC_HEADERS 1
| #define HAVE_SYS_TYPES_H 1
| #define HAVE_SYS_STAT_H 1
| #define HAVE_STDLIB_H 1
| #define HAVE_STRING_H 1
| #define HAVE_MEMORY_H 1
| #define HAVE_STRINGS_H 1
| #define HAVE_INTTYPES_H 1
| #define HAVE_STDINT_H 1
| #define HAVE_UNISTD_H 1
| #define HAVE_DLFCN_H 1
| #define HAVE_LIBINTL_H 1
| #define ENABLE_NLS 1
| #define HAVE_GETTEXT 1
| #define HAVE_DCGETTEXT 1
| #define VIS5D_LOCALE_DIR "/usr/local//locale"
| #define VIS5D_SOURCE_DIR "/home/demo/workspace/vis5d--1.3.1"
| #define IMCONVERT "/usr/bin/convert"
| #define VIS5D_MAX_MEM 0
| #define SIZEOF_FLOAT 4
| #define SIZEOF_INT 4
| #define SIZEOF_SIGNED_CHAR 1
| #define HAVE_LIBM 1
| #define HAVE_LIBZ 1
| #define HAVE_LIBPNG 1
| #define HAVE_STRCASECMP 1
| #define HAVE_STRNCASECMP 1
| #define HAVE_STRDUP 1
| #define HAVE_OPENGL 1
| #define HAVE_GL_GL_H 1
| #define HAVE_SETRLIMIT 1
| #define HAVE_LIBNETCDF 1
| #define HAVE_NETCDF_H 1
| #define HAVE_SYS_TYPES_H 1
| #define HAVE_SYS_PRCTL_H 1
| /* end confdefs.h.  */
| #include <stdio.h>
| #ifdef HAVE_SYS_TYPES_H
| # include <sys/types.h>
| #endif
| #ifdef HAVE_SYS_STAT_H
| # include <sys/stat.h>
| #endif
| #ifdef STDC_HEADERS
| # include <stdlib.h>
| # include <stddef.h>
| #else
| # ifdef HAVE_STDLIB_H
| #  include <stdlib.h>
| # endif
| #endif
| #ifdef HAVE_STRING_H
| # if !defined STDC_HEADERS && defined HAVE_MEMORY_H
| #  include <memory.h>
| # endif
| # include <string.h>
| #endif
| #ifdef HAVE_STRINGS_H
| # include <strings.h>
| #endif
| #ifdef HAVE_INTTYPES_H
| # include <inttypes.h>
| #endif
| #ifdef HAVE_STDINT_H
| # include <stdint.h>
| #endif
| #ifdef HAVE_UNISTD_H
| # include <unistd.h>
| #endif
| #include <sys/lock.h>
configure:29156: result: no
configure:29160: checking sys/lock.h presence
configure:29175: cc -E  conftest.c
conftest.c:45:22: error: sys/lock.h: No such file or directory
configure:29181: $? = 1
configure: failed program was:
| /* confdefs.h.  */
| #define PACKAGE_NAME ""
| #define PACKAGE_TARNAME ""
| #define PACKAGE_VERSION ""
| #define PACKAGE_STRING ""
| #define PACKAGE_BUGREPORT ""
| #define PACKAGE "vis5d+"
| #define VERSION "1.3.1"
| #define STDC_HEADERS 1
| #define HAVE_SYS_TYPES_H 1
| #define HAVE_SYS_STAT_H 1
| #define HAVE_STDLIB_H 1
| #define HAVE_STRING_H 1
| #define HAVE_MEMORY_H 1
| #define HAVE_STRINGS_H 1
| #define HAVE_INTTYPES_H 1
| #define HAVE_STDINT_H 1
| #define HAVE_UNISTD_H 1
| #define HAVE_DLFCN_H 1
| #define HAVE_LIBINTL_H 1
| #define ENABLE_NLS 1
| #define HAVE_GETTEXT 1
| #define HAVE_DCGETTEXT 1
| #define VIS5D_LOCALE_DIR "/usr/local//locale"
| #define VIS5D_SOURCE_DIR "/home/demo/workspace/vis5d--1.3.1"
| #define IMCONVERT "/usr/bin/convert"
| #define VIS5D_MAX_MEM 0
| #define SIZEOF_FLOAT 4
| #define SIZEOF_INT 4
| #define SIZEOF_SIGNED_CHAR 1
| #define HAVE_LIBM 1
| #define HAVE_LIBZ 1
| #define HAVE_LIBPNG 1
| #define HAVE_STRCASECMP 1
| #define HAVE_STRNCASECMP 1
| #define HAVE_STRDUP 1
| #define HAVE_OPENGL 1
| #define HAVE_GL_GL_H 1
| #define HAVE_SETRLIMIT 1
| #define HAVE_LIBNETCDF 1
| #define HAVE_NETCDF_H 1
| #define HAVE_SYS_TYPES_H 1
| #define HAVE_SYS_PRCTL_H 1
| /* end confdefs.h.  */
| #include <sys/lock.h>
configure:29195: result: no
configure:29223: checking for sys/lock.h
configure:29231: result: no
configure:29109: checking for sys/stat.h
configure:29115: result: yes
configure:29119: checking fcntl.h usability
configure:29136: cc -c -O3 -fomit-frame-pointer -malign-double   conftest.c >&5
configure:29142: $? = 0
configure:29156: result: yes
configure:29160: checking fcntl.h presence
configure:29175: cc -E  conftest.c
configure:29181: $? = 0
configure:29195: result: yes
configure:29223: checking for fcntl.h
configure:29231: result: yes
configure:30092: creating ./config.status

## ---------------- ##
## Cache variables. ##
## ---------------- ##

ac_cv_build=x86_64-unknown-linux-gnu
ac_cv_c_bigendian=no
ac_cv_c_compiler_gnu=yes
ac_cv_cxx_compiler_gnu=yes
ac_cv_env_CCC_set=
ac_cv_env_CCC_value=
ac_cv_env_CC_set=
ac_cv_env_CC_value=
ac_cv_env_CFLAGS_set=
ac_cv_env_CFLAGS_value=
ac_cv_env_CPPFLAGS_set=
ac_cv_env_CPPFLAGS_value=
ac_cv_env_CPP_set=
ac_cv_env_CPP_value=
ac_cv_env_CXXCPP_set=
ac_cv_env_CXXCPP_value=
ac_cv_env_CXXFLAGS_set=
ac_cv_env_CXXFLAGS_value=
ac_cv_env_CXX_set=
ac_cv_env_CXX_value=
ac_cv_env_F77_set=
ac_cv_env_F77_value=
ac_cv_env_FFLAGS_set=
ac_cv_env_FFLAGS_value=
ac_cv_env_LDFLAGS_set=
ac_cv_env_LDFLAGS_value=
ac_cv_env_LIBS_set=
ac_cv_env_LIBS_value=
ac_cv_env_XMKMF_set=
ac_cv_env_XMKMF_value=
ac_cv_env_build_alias_set=
ac_cv_env_build_alias_value=
ac_cv_env_host_alias_set=
ac_cv_env_host_alias_value=
ac_cv_env_target_alias_set=
ac_cv_env_target_alias_value=
ac_cv_f77_compiler_gnu=no
ac_cv_func_XMesaGetBackBuffer=no
ac_cv_func_connect=yes
ac_cv_func_gethostbyname=yes
ac_cv_func_remove=yes
ac_cv_func_setrlimit=yes
ac_cv_func_shmat=yes
ac_cv_func_strcasecmp=yes
ac_cv_func_strdup=yes
ac_cv_func_strncasecmp=yes
ac_cv_have_x='have_x=yes	ac_x_includes='\'''\''	ac_x_libraries='\'''\'''
ac_cv_header_GL_gl_h=yes
ac_cv_header_X11_Xm_MwmUtil_h=no
ac_cv_header_dlfcn_h=yes
ac_cv_header_fcntl_h=yes
ac_cv_header_inttypes_h=yes
ac_cv_header_libintl_h=yes
ac_cv_header_memory_h=yes
ac_cv_header_netcdf_h=yes
ac_cv_header_png_h=yes
ac_cv_header_stdc=yes
ac_cv_header_stdint_h=yes
ac_cv_header_stdlib_h=yes
ac_cv_header_string_h=yes
ac_cv_header_strings_h=yes
ac_cv_header_sys_lock_h=no
ac_cv_header_sys_prctl_h=yes
ac_cv_header_sys_stat_h=yes
ac_cv_header_sys_sysmp_h=no
ac_cv_header_sys_types_h=yes
ac_cv_header_sysmp_h=no
ac_cv_header_unistd_h=yes
ac_cv_header_zlib_h=yes
ac_cv_host=x86_64-unknown-linux-gnu
ac_cv_lib_GLU_gluProject=yes
ac_cv_lib_GL_glBegin=yes
ac_cv_lib_ICE_IceConnectionNumber=yes
ac_cv_lib_dl_dlopen=yes
ac_cv_lib_image_iopen=no
ac_cv_lib_m_sqrt=yes
ac_cv_lib_netcdf_nc_inq_dimlen=yes
ac_cv_lib_png_png_write_image=yes
ac_cv_lib_tcl_Tcl_Eval=no
ac_cv_lib_z_deflate=yes
ac_cv_objext=o
ac_cv_path_EGREP='/bin/grep -E'
ac_cv_path_GMSGFMT=/usr/bin/msgfmt
ac_cv_path_GREP=/bin/grep
ac_cv_path_IMCONVERT=/usr/bin/convert
ac_cv_path_MSGFMT=/usr/bin/msgfmt
ac_cv_path_MSGMERGE=/usr/bin/msgmerge
ac_cv_path_XGETTEXT=/usr/bin/xgettext
ac_cv_path_install='/usr/bin/install -c'
ac_cv_path_mkdir=/bin/mkdir
ac_cv_prog_AWK=gawk
ac_cv_prog_CC=cc
ac_cv_prog_CPP='cc -E'
ac_cv_prog_CXXCPP='g++ -E'
ac_cv_prog_ac_ct_AR=ar
ac_cv_prog_ac_ct_CXX=g++
ac_cv_prog_ac_ct_RANLIB=ranlib
ac_cv_prog_ac_ct_STRIP=strip
ac_cv_prog_cc_c89=
ac_cv_prog_cc_g=yes
ac_cv_prog_cxx_g=yes
ac_cv_prog_f77_g=no
ac_cv_prog_gcc_2_90=yes
ac_cv_prog_make_make_set=yes
ac_cv_sizeof_float=4
ac_cv_sizeof_int=4
ac_cv_sizeof_signed_char=1
ac_cv_type_float=yes
ac_cv_type_int=yes
ac_cv_type_signed_char=yes
acl_cv_hardcode_direct=no
acl_cv_hardcode_libdir_flag_spec='${wl}-rpath ${wl}$libdir'
acl_cv_hardcode_libdir_separator=
acl_cv_hardcode_minus_L=no
acl_cv_libext=a
acl_cv_path_LD='/usr/bin/ld -m elf_x86_64'
acl_cv_prog_gnu_ld=yes
acl_cv_rpath=done
acl_cv_shlibext=so
acl_cv_sys_lib_dlsearch_path_spec='/lib /usr/lib'
acl_cv_sys_lib_search_path_spec='/lib /usr/lib /usr/local/lib'
acl_cv_wl=-Wl,
am_cv_CC_dependencies_compiler_type=gcc3
am_cv_CXX_dependencies_compiler_type=gcc3
gt_cv_func_gnugettext2_libc=yes
lt_cv_deplibs_check_method=pass_all
lt_cv_file_magic_cmd='$MAGIC_CMD'
lt_cv_file_magic_test_file=
lt_cv_ld_reload_flag=-r
lt_cv_objdir=.libs
lt_cv_path_LD=/usr/bin/ld
lt_cv_path_LDCXX='/usr/bin/ld -m elf_x86_64'
lt_cv_path_NM='/usr/bin/nm -B'
lt_cv_path_SED=/bin/sed
lt_cv_prog_compiler_c_o=yes
lt_cv_prog_compiler_c_o_CXX=yes
lt_cv_prog_compiler_rtti_exceptions=no
lt_cv_prog_gnu_ld=yes
lt_cv_prog_gnu_ldcxx=yes
lt_cv_sys_global_symbol_pipe='sed -n -e '\''s/^.*[ 	]\([ABCDGIRSTW][ABCDGIRSTW]*\)[ 	][ 	]*\([_A-Za-z][_A-Za-z0-9]*\)$/\1 \2 \2/p'\'''
lt_cv_sys_global_symbol_to_c_name_address='sed -n -e '\''s/^: \([^ ]*\) $/  {\"\1\", (lt_ptr) 0},/p'\'' -e '\''s/^[BCDEGRST] \([^ ]*\) \([^ ]*\)$/  {"\2", (lt_ptr) \&\2},/p'\'''
lt_cv_sys_global_symbol_to_cdecl='sed -n -e '\''s/^. .* \(.*\)$/extern int \1;/p'\'''
lt_cv_sys_max_cmd_len=32768
lt_lt_cv_prog_compiler_c_o='"yes"'
lt_lt_cv_prog_compiler_c_o_CXX='"yes"'
lt_lt_cv_sys_global_symbol_pipe='"sed -n -e '\''s/^.*[ 	]\\([ABCDGIRSTW][ABCDGIRSTW]*\\)[ 	][ 	]*\\([_A-Za-z][_A-Za-z0-9]*\\)\$/\\1 \\2 \\2/p'\''"'
lt_lt_cv_sys_global_symbol_to_c_name_address='"sed -n -e '\''s/^: \\([^ ]*\\) \$/  {\\\"\\1\\\", (lt_ptr) 0},/p'\'' -e '\''s/^[BCDEGRST] \\([^ ]*\\) \\([^ ]*\\)\$/  {\"\\2\", (lt_ptr) \\&\\2},/p'\''"'
lt_lt_cv_sys_global_symbol_to_cdecl='"sed -n -e '\''s/^. .* \\(.*\\)\$/extern int \\1;/p'\''"'

## ----------------- ##
## Output variables. ##
## ----------------- ##

ACLOCAL='${SHELL} /home/demo/workspace/vis5d--1.3.1/missing --run aclocal-1.10'
AMDEPBACKSLASH='\'
AMDEP_FALSE='#'
AMDEP_TRUE=''
AMTAR='${SHELL} /home/demo/workspace/vis5d--1.3.1/missing --run tar'
AR='ar'
AUTOCONF='${SHELL} /home/demo/workspace/vis5d--1.3.1/missing --run autoconf'
AUTOHEADER='${SHELL} /home/demo/workspace/vis5d--1.3.1/missing --run autoheader'
AUTOMAKE='${SHELL} /home/demo/workspace/vis5d--1.3.1/missing --run automake-1.10'
AWK='gawk'
CC='cc'
CCDEPMODE='depmode=gcc3'
CFLAGS='-O3 -fomit-frame-pointer -malign-double '
CPP='cc -E'
CPPFLAGS=''
CXX='g++'
CXXCPP='g++ -E'
CXXDEPMODE='depmode=gcc3'
CXXFLAGS='-g -O2'
CYGPATH_W='echo'
DEFS='-DHAVE_CONFIG_H'
DEPDIR='.deps'
ECHO='echo'
ECHO_C=''
ECHO_N='-n'
ECHO_T=''
EGREP='/bin/grep -E'
EXEEXT=''
F77=''
FFLAGS=''
FLIBS=''
GLLIBS='-lGLU -lGL'
GMSGFMT='/usr/bin/msgfmt'
GREP='/bin/grep'
GTKGL_CFLAGS=''
GTKGL_LIBS=''
GTK_CFLAGS=''
GTK_CONFIG=''
GTK_LIBS=''
IMCONVERT='/usr/bin/convert'
INSTALL_DATA='${INSTALL} -m 644'
INSTALL_PROGRAM='${INSTALL}'
INSTALL_SCRIPT='${INSTALL}'
INSTALL_STRIP_PROGRAM='$(install_sh) -c -s'
INTLLIBS=''
LDFLAGS=''
LIBICONV=''
LIBINTL=''
LIBOBJS=''
LIBS='-lpng -lz -lm '
LIBTOOL='$(SHELL) $(top_builddir)/libtool'
LN_S='ln -s'
LTLIBICONV=''
LTLIBINTL=''
LTLIBOBJS=''
MAKEINFO='${SHELL} /home/demo/workspace/vis5d--1.3.1/missing --run makeinfo'
MCIDAS_FALSE=''
MCIDAS_LIBS=''
MCIDAS_TRUE='#'
MIXKIT_FALSE=''
MIXKIT_TRUE='#'
MKINSTALLDIRS='./mkinstalldirs'
MSGFMT='/usr/bin/msgfmt'
MSGMERGE='/usr/bin/msgmerge'
OBJEXT='o'
OPT_UTILS=''
PACKAGE='vis5d+'
PACKAGE_BUGREPORT=''
PACKAGE_NAME=''
PACKAGE_STRING=''
PACKAGE_TARNAME=''
PACKAGE_VERSION=''
PATH_SEPARATOR=':'
POSUB='po'
PTHREAD_CC=''
PTHREAD_CFLAGS=''
PTHREAD_LIBS=''
RANLIB='ranlib'
SET_MAKE=''
SHARED_VERSION_INFO='2:0:0'
SHELL='/bin/bash'
STRIP='strip'
THREADLIBS=''
USEGTK_FALSE=''
USEGTK_TRUE='#'
USE_NLS='yes'
V5D_LIBS_AUX='-lnetcdf -ldl '
VERSION='1.3.1'
XGETTEXT='/usr/bin/xgettext'
XLIBS='  -lSM -lICE -lXext -lX11 '
XMKMF=''
X_CFLAGS=''
X_EXTRA_LIBS=''
X_LIBS=''
X_PRE_LIBS=' -lSM -lICE'
ac_ct_CC=''
ac_ct_CXX='g++'
ac_ct_F77=''
acx_pthread_config=''
am__fastdepCC_FALSE='#'
am__fastdepCC_TRUE=''
am__fastdepCXX_FALSE='#'
am__fastdepCXX_TRUE=''
am__include='include'
am__isrc=''
am__leading_dot='.'
am__quote=''
am__tar='${AMTAR} chof - "$$tardir"'
am__untar='${AMTAR} xf -'
bindir='${exec_prefix}/bin'
build='x86_64-unknown-linux-gnu'
build_alias=''
build_cpu='x86_64'
build_os='linux-gnu'
build_vendor='unknown'
datadir='${datarootdir}'
datarootdir='${prefix}/share'
docdir='${datarootdir}/doc/${PACKAGE}'
dvidir='${docdir}'
exec_prefix='${prefix}'
host='x86_64-unknown-linux-gnu'
host_alias=''
host_cpu='x86_64'
host_os='linux-gnu'
host_vendor='unknown'
htmldir='${docdir}'
includedir='${prefix}/include'
infodir='${datarootdir}/info'
install_sh='$(SHELL) /home/demo/workspace/vis5d--1.3.1/install-sh'
libdir='${exec_prefix}/lib'
libexecdir='${exec_prefix}/libexec'
localedir='${datarootdir}/locale'
localstatedir='${prefix}/var'
mandir='${datarootdir}/man'
mkdir_p='/bin/mkdir -p'
oldincludedir='/usr/include'
pdfdir='${docdir}'
prefix='/usr/local'
program_transform_name='s,x,x,'
psdir='${docdir}'
sbindir='${exec_prefix}/sbin'
sharedstatedir='${prefix}/com'
sysconfdir='${prefix}/etc'
target_alias=''

## ----------- ##
## confdefs.h. ##
## ----------- ##

#define PACKAGE_NAME ""
#define PACKAGE_TARNAME ""
#define PACKAGE_VERSION ""
#define PACKAGE_STRING ""
#define PACKAGE_BUGREPORT ""
#define PACKAGE "vis5d+"
#define VERSION "1.3.1"
#define STDC_HEADERS 1
#define HAVE_SYS_TYPES_H 1
#define HAVE_SYS_STAT_H 1
#define HAVE_STDLIB_H 1
#define HAVE_STRING_H 1
#define HAVE_MEMORY_H 1
#define HAVE_STRINGS_H 1
#define HAVE_INTTYPES_H 1
#define HAVE_STDINT_H 1
#define HAVE_UNISTD_H 1
#define HAVE_DLFCN_H 1
#define HAVE_LIBINTL_H 1
#define ENABLE_NLS 1
#define HAVE_GETTEXT 1
#define HAVE_DCGETTEXT 1
#define VIS5D_LOCALE_DIR "/usr/local//locale"
#define VIS5D_SOURCE_DIR "/home/demo/workspace/vis5d--1.3.1"
#define IMCONVERT "/usr/bin/convert"
#define VIS5D_MAX_MEM 0
#define SIZEOF_FLOAT 4
#define SIZEOF_INT 4
#define SIZEOF_SIGNED_CHAR 1
#define HAVE_LIBM 1
#define HAVE_LIBZ 1
#define HAVE_LIBPNG 1
#define HAVE_STRCASECMP 1
#define HAVE_STRNCASECMP 1
#define HAVE_STRDUP 1
#define HAVE_OPENGL 1
#define HAVE_GL_GL_H 1
#define HAVE_SETRLIMIT 1
#define HAVE_LIBNETCDF 1
#define HAVE_NETCDF_H 1
#define HAVE_SYS_TYPES_H 1
#define HAVE_SYS_PRCTL_H 1
#define HAVE_SYS_STAT_H 1
#define HAVE_FCNTL_H 1
#define SINGLE_TASK 1
#define DATA_PREFIX "${datarootdir}/vis5d+/"

configure: exit 0

## ---------------------- ##
## Running config.status. ##
## ---------------------- ##

This file was extended by config.status, which was
generated by GNU Autoconf 2.61.  Invocation command line was

  CONFIG_FILES    = 
  CONFIG_HEADERS  = 
  CONFIG_LINKS    = 
  CONFIG_COMMANDS = 
  $ ./config.status 

on IQ-Graphics

config.status:721: creating vis5d+.pc
config.status:721: creating gtk/vis5dgtk.pc
config.status:721: creating gtk/gradients/Makefile
config.status:721: creating gtk/Makefile
config.status:721: creating Makefile
config.status:721: creating src/Makefile
config.status:721: creating doc/Makefile
config.status:721: creating lui5/Makefile
config.status:721: creating util/Makefile
config.status:721: creating m4/Makefile
config.status:721: creating po/Makefile.in
config.status:861: WARNING:  po/Makefile.in.in seems to ignore the --datarootdir setting
config.status:721: creating config.h
config.status:976: config.h is unchanged
config.status:721: creating src/api-config.h
config.status:976: src/api-config.h is unchanged
config.status:1022: executing depfiles commands
config.status:1022: executing default-1 commands

## ---------------------- ##
## Running config.status. ##
## ---------------------- ##

This file was extended by config.status, which was
generated by GNU Autoconf 2.61.  Invocation command line was

  CONFIG_FILES    = 
  CONFIG_HEADERS  = 
  CONFIG_LINKS    = 
  CONFIG_COMMANDS = 
  $ ./config.status config.h

on IQ-Graphics

config.status:721: creating config.h
config.status:976: config.h is unchanged

## ---------------------- ##
## Running config.status. ##
## ---------------------- ##

This file was extended by config.status, which was
generated by GNU Autoconf 2.61.  Invocation command line was

  CONFIG_FILES    = 
  CONFIG_HEADERS  = 
  CONFIG_LINKS    = 
  CONFIG_COMMANDS = 
  $ ./config.status src/api-config.h

on IQ-Graphics

config.status:721: creating src/api-config.h
config.status:976: src/api-config.h is unchanged
